#
#model:
#
#<?xml version="1.0" encoding="UTF-8" standalone="no"?><input id="posterior" spec="beast.base.inference.CompoundDistribution">
#    <distribution id="prior" spec="beast.base.inference.CompoundDistribution">
#        <distribution conditionOnRoot="true" contemp="true" id="BirthDeathSkyContemporaryBDSParam.t:tree" spec="bdsky.evolution.speciation.BirthDeathSkylineModel">
#            <parameter id="birthRateBDS.t:tree" lower="0.0" name="birthRate" spec="beast.base.inference.parameter.RealParameter" upper="1.0">0.001</parameter>
#            <parameter id="deathRateBDS.t:tree" lower="0.0" name="deathRate" spec="beast.base.inference.parameter.RealParameter" upper="1.0">5.0E-4</parameter>
#            <parameter id="samplingRateBDS.t:tree" name="samplingRate" spec="beast.base.inference.parameter.RealParameter">0.0</parameter>
#            <parameter id="rhoBDS.t:tree" lower="0.0" name="rho" spec="beast.base.inference.parameter.RealParameter" upper="1.0">0.9</parameter>
#            <tree id="Tree.t:tree" spec="beast.base.evolution.tree.Tree">
#                <taxonset id="TaxonSet.pano-full" spec="beast.base.evolution.alignment.TaxonSet">
#                </taxonset>
#            </tree>
#        </distribution>
#        <prior id="ClockPrior.c:clock" name="distribution">
#            <parameter id="clockRate.c:clock" lower="0.0" name="x" spec="beast.base.inference.parameter.RealParameter" upper="1.0">1.0</parameter>
#            <Gamma id="Gamma.clock" name="distr">
#                <parameter estimate="false" id="RealParameter.clock.alpha" name="alpha" spec="beast.base.inference.parameter.RealParameter">0.1</parameter>
#                <parameter estimate="false" id="RealParameter.clock.beta" name="beta" spec="beast.base.inference.parameter.RealParameter">100.0</parameter>
#            </Gamma>
#        </prior>
#        <prior id="birthRatePriorContempBDS.t:tree" name="distribution" x="@birthRateBDS.t:tree">
#            <Exponential id="Exponential.5" name="distr">
#                <parameter estimate="false" id="RealParameter.18" name="mean" spec="beast.base.inference.parameter.RealParameter">0.01</parameter>
#            </Exponential>
#        </prior>
#        <prior id="deathRatePriorContempBDS.t:tree" name="distribution" x="@deathRateBDS.t:tree">
#            <Exponential id="Exponential.6" name="distr">
#                <parameter estimate="false" id="RealParameter.19" name="mean" spec="beast.base.inference.parameter.RealParameter">0.05</parameter>
#            </Exponential>
#        </prior>
#        <prior id="rhoPriorContempBDS.t:tree" name="distribution" x="@rhoBDS.t:tree">
#            <Beta id="Beta.9" name="distr">
#                <parameter estimate="false" id="RealParameter.75" name="alpha" spec="beast.base.inference.parameter.RealParameter">26.0</parameter>
#                <parameter estimate="false" id="RealParameter.76" name="beta" spec="beast.base.inference.parameter.RealParameter">4.0</parameter>
#            </Beta>
#        </prior>
#        <distribution id="chacobo.prior" monophyletic="true" spec="beast.base.evolution.tree.MRCAPrior" tree="@Tree.t:tree">
#            <taxonset id="chacobo" spec="beast.base.evolution.alignment.TaxonSet">
#                <taxon id="Chakobo" spec="beast.base.evolution.alignment.Taxon"/>
#                <taxon id="Pakawara" spec="beast.base.evolution.alignment.Taxon"/>
#            </taxonset>
#            <LogNormal id="LogNormal.chacobo" meanInRealSpace="true" name="distr" offset="258.0">
#                <parameter estimate="false" id="meanlog.chacobo" name="M" spec="beast.base.inference.parameter.RealParameter">163.0</parameter>
#                <parameter estimate="false" id="sdlog.chacobo" name="S" spec="beast.base.inference.parameter.RealParameter">0.6</parameter>
#            </LogNormal>
#        </distribution>
#        <distribution id="chama.prior" monophyletic="true" spec="beast.base.evolution.tree.MRCAPrior" tree="@Tree.t:tree">
#            <taxonset id="chama" spec="beast.base.evolution.alignment.TaxonSet">
#                <taxon id="Kapanawa" spec="beast.base.evolution.alignment.Taxon"/>
#                <taxon id="ShipiboKonibo" spec="beast.base.evolution.alignment.Taxon"/>
#            </taxonset>
#            <LogNormal id="LogNormal.chama" meanInRealSpace="true" name="distr" offset="258.0">
#                <parameter estimate="false" id="meanlog.chama" name="M" spec="beast.base.inference.parameter.RealParameter">163.0</parameter>
#                <parameter estimate="false" id="sdlog.chama" name="S" spec="beast.base.inference.parameter.RealParameter">0.6</parameter>
#            </LogNormal>
#        </distribution>
#        <distribution id="kashinawa1.prior" monophyletic="true" spec="beast.base.evolution.tree.MRCAPrior" tree="@Tree.t:tree">
#            <taxonset id="kashinawa1" spec="beast.base.evolution.alignment.TaxonSet">
#                <taxon id="KashinawaB" spec="beast.base.evolution.alignment.Taxon"/>
#                <taxon id="KashinawaP" spec="beast.base.evolution.alignment.Taxon"/>
#            </taxonset>
#            <Normal id="Normal.kashinawa1" name="distr">
#                <parameter estimate="false" id="RealParameter.kashinawa1.mean" name="mean" spec="beast.base.inference.parameter.RealParameter">80.0</parameter>
#                <parameter estimate="false" id="RealParameter.kashinawa1.sigma" name="sigma" spec="beast.base.inference.parameter.RealParameter">5.0</parameter>
#            </Normal>
#        </distribution>
#        <distribution id="northern.prior" monophyletic="true" spec="beast.base.evolution.tree.MRCAPrior" tree="@Tree.t:tree">
#            <taxonset id="northern" spec="beast.base.evolution.alignment.TaxonSet">
#                <taxon id="Matis" spec="beast.base.evolution.alignment.Taxon"/>
#                <taxon id="Matses" spec="beast.base.evolution.alignment.Taxon"/>
#            </taxonset>
#            <LogNormal id="LogNormal.northern" meanInRealSpace="true" name="distr" offset="366.0">
#                <parameter estimate="false" id="meanlog.northern" name="M" spec="beast.base.inference.parameter.RealParameter">173.0</parameter>
#                <parameter estimate="false" id="sdlog.northern" name="S" spec="beast.base.inference.parameter.RealParameter">0.7</parameter>
#            </LogNormal>
#        </distribution>
#        <distribution id="kakataibo.prior" spec="beast.base.evolution.tree.MRCAPrior" tree="@Tree.t:tree" useOriginate="true">
#            <taxonset id="kakataibo.tip" spec="beast.base.evolution.alignment.TaxonSet">
#                <taxon id="Kakataibo" spec="beast.base.evolution.alignment.Taxon"/>
#            </taxonset>
#            <LogNormal id="LogNormal.kakataibo" meanInRealSpace="true" name="distr" offset="258.0">
#                <parameter estimate="false" id="meanlog.kakataibo" name="M" spec="beast.base.inference.parameter.RealParameter">163.0</parameter>
#                <parameter estimate="false" id="sdlog.kakataibo" name="S" spec="beast.base.inference.parameter.RealParameter">0.6</parameter>
#            </LogNormal>
#        </distribution>
#    </distribution>
#    <distribution id="likelihood" spec="beast.base.inference.CompoundDistribution" useThreads="true">
#        <distribution id="treeLikelihood.pano-full" spec="beast.base.evolution.likelihood.TreeLikelihood" tree="@Tree.t:tree">
#            <data ascertained="true" data="@pano-full" excludeto="1" filter="-" id="orgdata.pano-full" spec="beast.base.evolution.alignment.FilteredAlignment">
#                <userDataType id="Binary.0" spec="beast.base.evolution.datatype.Binary"/>
#            </data>
#            <siteModel gammaCategoryCount="1" id="SiteModel.s:pano-full" spec="beast.base.evolution.sitemodel.SiteModel">
#                <parameter estimate="false" id="mutationRate.s:pano-full" name="mutationRate" spec="beast.base.inference.parameter.RealParameter">1.0</parameter>
#                <parameter estimate="false" id="gammaShape.s:pano-full" name="shape" spec="beast.base.inference.parameter.RealParameter">1.0</parameter>
#                <parameter estimate="false" id="proportionInvariant.s:pano-full" lower="0.0" name="proportionInvariant" spec="beast.base.inference.parameter.RealParameter" upper="1.0">0.0</parameter>
#                <substModel id="CTMC.s:pano-full" spec="beast.base.evolution.substitutionmodel.GeneralSubstitutionModel">
#                    <parameter dimension="2" estimate="false" id="rates.s:pano-full" lower="0.0" name="rates" spec="beast.base.inference.parameter.RealParameter">0.5 0.5</parameter>
#                    <frequencies id="estimatedFreqs.s:pano-full" spec="beast.base.evolution.substitutionmodel.Frequencies">
#                        <parameter dimension="2" id="frequencies.s:pano-full" lower="0.0" name="frequencies" spec="beast.base.inference.parameter.RealParameter" upper="1.0">0.5 0.5</parameter>
#                    </frequencies>
#                </substModel>
#            </siteModel>
#            <branchRateModel clock.rate="@clockRate.c:clock" id="StrictClock.c:clock" spec="beast.base.evolution.branchratemodel.StrictClockModel"/>
#        </distribution>
#    </distribution>
#</input>
#
Sample	NSlikelihood	posterior	likelihood	prior	treeLikelihood.pano-full	Tree.t:tree.height	Tree.t:tree.treeLength	mutationRate.s:pano-full	frequencies.s:pano-full.1	frequencies.s:pano-full.2	clockRate.c:clock	BirthDeathSkyContemporaryBDSParam.t:tree	birthRateBDS.t:tree	deathRateBDS.t:tree	rhoBDS.t:tree	logP(mrca(chacobo))	mrca.age(chacobo)	logP(mrca(kashinawa1))	mrca.age(kashinawa1)	logP(mrca(northern))	mrca.age(northern)	logP(mrca(chama))	mrca.age(chama)	monophyletic(kakataibo.tip)	logP(mrca(kakataibo.tip))	mrca.age(kakataibo.tip.originate)
0	-26090.116183362734	-26308.45829942346	-26090.116183362734	-218.34211606072626	-26090.116183362734	63470.21373418716	178511.39275708658	1.0	0.5321541235132125	0.4678458764867871	3.82665293673585E-9	-214.55693377315936	0.001536136051043488	0.0017562484295437347	0.9156707058328817	-8.037413890829999	660.4748707928309	-2.528713056410907	79.8702674342861	-5.269384237961153	468.05801017729897	-6.424915913854428	506.3637288771172	1	-5.506971783668803	416.6129147240118
1	-15548.956496271054	-15785.959330029462	-15548.956496271054	-237.00283375840849	-15548.956496271054	772823.605662079	1626048.3306541408	1.0	0.5330144738785986	0.4669855261214009	0.03169214718726881	-221.30734682692346	8.725020793344517E-4	9.126900604700814E-4	0.9528535735251562	-5.144707122903267	348.7854292379509	-2.6262144332807926	82.21176386219257	-5.280413371772933	470.6012844480084	-6.033561821555141	469.6668599234756	1	-5.589791965423042	311.83111467521155
2	-13546.205580317046	-13767.696474340339	-13546.205580317046	-221.49089402329176	-13546.205580317046	181193.9010492676	422373.63279199094	1.0	0.4508688896756354	0.5491311103243638	7.825544021223744E-6	-211.67101894309246	8.111499548566882E-4	9.220990886324786E-4	0.818797373124327	-5.143011714900054	355.7592406274377	-2.549597580094882	81.03007607622226	-5.442145148245543	418.3303627841458	-5.296561341453372	390.620373001017	1	-8.098270874422383	280.082231980158
3	-10881.079372669526	-11085.106210896009	-10881.079372669526	-204.02683822648214	-10881.079372669526	3530.9286472254444	26328.28543570336	1.0	0.462224931960885	0.5377750680391142	2.2957181382812535E-5	-194.08221441516346	0.0017727704467116509	5.306954693992856E-4	0.8570348839967783	-5.327950788458962	323.8719787310862	-2.850057198199621	84.01049094601177	-6.615021795156718	391.82601480300735	-5.356395999190276	398.7195464362078	1	-5.877965413005331	454.7151678492388
4	-9948.051465406148	-10155.000677853284	-9948.051465406148	-206.94921244713564	-9948.051465406148	3497.602136519736	30739.127608014143	1.0	0.44657745619364725	0.553422543806352	3.762949202046511E-5	-197.39595180491585	0.0012812654228720097	2.7194285584712755E-4	0.9273404632343498	-5.2843327991543365	326.95622767586957	-2.528517165375891	79.91611921044772	-5.265515565128306	467.1074100717484	-5.339612705054794	323.13212134614315	1	-6.768239355985073	538.3036637142494
5	-9845.228652708212	-10037.537510177997	-9845.228652708212	-192.3088574697857	-9845.228652708212	2207.9337539537114	17058.417087491347	1.0	0.454610962901925	0.5453890370980737	4.85556032327547E-5	-181.6880834257783	0.0015552557135185322	3.630634972445977E-4	0.946009809976829	-5.262570836897886	328.73538348608605	-2.5989338807354905	81.87826296211044	-5.844453058720125	404.0727083095957	-6.752637897569264	536.8490900480451	1	-5.14384172364817	349.4695660313167
6	-9040.452730401794	-9227.125250812893	-9040.452730401794	-186.67252041109978	-9040.452730401794	1712.1207839722294	13399.7829081744	1.0	0.5902500926668383	0.4097499073331601	1.8373095262839745E-4	-176.27489782409222	0.002554735493294662	5.708539176464229E-4	0.9268593531239473	-5.217550213546206	377.9639439523714	-2.5330448377545034	79.51686481624029	-5.632156039524957	410.12593533539746	-5.209047381696531	376.3549417858234	1	-5.885163734912137	455.41492881172724
7	-8856.727220370056	-9058.62422946799	-8856.727220370056	-201.89700909793459	-8856.727220370056	2913.892665233493	26357.857453726017	1.0	0.6645756570408449	0.3354243429591537	7.493293771080914E-5	-193.42858252435335	7.971714447595987E-4	2.7073190794403877E-4	0.918130426375073	-5.149051243708434	360.0732653980106	-2.731337511680558	83.18560093264823	-5.27930961215326	470.35634087988257	-5.26464991003416	385.87874362496405	1	-5.214039000180607	377.3084467391108
8	-8854.84696983599	-9050.329607573667	-8854.84696983599	-195.48263773767817	-8854.84696983599	1846.3723223163283	18263.962260053948	1.0	0.7729326018318804	0.22706739816811772	6.938690021296818E-5	-183.3766547100529	0.0012309196807864296	5.680808337476134E-5	0.9556597629639223	-5.289081830659056	326.5921201123278	-2.8976952196248473	75.70279873646768	-5.232418263304065	456.04438170226524	-5.290383603752147	326.4936746914882	1	-7.758332239489206	632.7605111524332
9	-8629.5902358663	-8835.724827337599	-8629.5902358663	-206.13459147129754	-8629.5902358663	3935.4621512971553	28463.53168637105	1.0	0.8872964542053642	0.11270354579463412	1.1514815116769333E-4	-193.2446263676555	0.0010504942702377954	7.029783143549896E-4	0.9210625622618624	-6.2804311632883305	492.9002970452999	-3.4108536543475525	73.35742064891664	-5.225809437599388	447.655282502671	-7.36701969204114	284.78934620649636	1	-5.325468051528221	394.6382976283698
10	-8608.193321472527	-8811.88146683104	-8608.193321472527	-203.6881453585137	-8608.193321472527	3147.0772864695455	29071.255273966683	1.0	0.9830936314524189	0.016906368547579483	1.5688630418329152E-5	-194.44521006987083	7.838557131234991E-4	1.2556248907292382E-6	0.8845519874508777	-5.287163085582713	326.7382808003185	-3.2659391547416656	73.92726293545121	-6.934067835456319	668.5526846837295	-5.22632038519347	332.22899996735856	1	-5.213043257801035	377.1203325925894
11	-8560.784448946904	-8770.894480792449	-8560.784448946904	-210.11003184554392	-8560.784448946904	57298.288638143415	137237.7528058623	1.0	0.8374485558142964	0.16255144418570153	9.493309023884342E-5	-198.06339013555467	0.0018820275575698287	0.001973447293509274	0.8353503897032419	-6.61421442331293	291.92465544913307	-3.9804934614872245	71.47909331159984	-5.22676107517413	451.8557470791664	-5.461974889954533	411.52048766769303	1	-5.311569423125247	392.73433925763646
12	-8489.218472198767	-8679.494052822443	-8489.218472198767	-190.275580623677	-8489.218472198767	1188.263316419629	13403.403135309438	1.0	0.7560731167682326	0.24392688323176556	3.7038811005218875E-4	-175.5405660647172	0.00244538220463793	1.4568482285593688E-4	0.7556155602245355	-5.900308911473326	303.3666512217267	-2.542926458959689	79.14706350409553	-5.922636938700272	402.2982193029545	-7.129261671056232	572.1792853305208	1	-5.220033341197364	378.42048639020163
13	-8353.93513679168	-8561.874728245883	-8353.93513679168	-207.93959145420203	-8353.93513679168	4166.385970041308	31271.32325547637	1.0	0.8153363693543576	0.18466363064564054	7.89216558768566E-5	-196.27532527029044	0.0011943176935330301	4.228990945001674E-4	0.8493015838035748	-5.252154616917294	329.6614255806572	-3.5189641749396916	72.96228826499366	-6.706749949211518	642.7468374701997	-5.841661125109562	451.1712965638173	1	-5.307594863979346	392.1807009316602
14	-8351.021679062706	-8551.673102159955	-8351.021679062706	-200.6514230972491	-8351.021679062706	2501.474682948736	23935.37468181161	1.0	0.7229252904128275	0.2770747095871695	1.1953797759786558E-4	-190.92136573930043	0.001619206482979807	7.981081387693583E-4	0.8752786219017114	-6.026642216950659	469.0085504655005	-2.8267954635442556	76.1372353300681	-5.236015857001212	440.9665565779715	-5.21264117040168	377.04408278393356	1	-5.152770026108938	344.93260495977125
15	-8261.504441090594	-8457.188438724706	-8261.504441090594	-195.68399763411324	-8261.504441090594	1478.262756250907	19011.116247265963	1.0	0.7059641520209553	0.2940358479790416	1.709623530291995E-4	-185.8336921766686	0.0016012218233496167	7.941196116450023E-4	0.8832454883448791	-5.226014436138669	332.2621918107479	-2.528668600240153	80.12086244275626	-5.4807065108524675	416.31198385197985	-5.2424695186604895	382.32395643110135	1	-5.80559989895503	447.6246208561822
16	-7966.897811419981	-8168.675102556999	-7966.897811419981	-201.7772911370186	-7966.897811419981	3890.9518442861227	22193.45722831822	1.0	0.7726476872973123	0.22735231270268388	1.469491496253545E-4	-187.90384016022574	0.0016897887025848824	5.689141354414256E-4	0.7913169745182227	-5.214149512532031	377.3292625783824	-2.672981645010324	77.31108572680765	-6.044329264205952	569.1731638786092	-7.732916838367961	282.23736956244966	1	-5.768710677777013	443.9655369198215
17	-7940.878626055518	-8135.720642587787	-7940.878626055518	-194.84201653226867	-7940.878626055518	1859.0325214165214	17541.827323204354	1.0	0.7236774599475488	0.2763225400524481	1.3448201657785327E-4	-182.32888678227425	0.0019621312271050424	3.910272566917493E-4	0.755974367229168	-5.148288647163847	359.67360656803896	-3.3424355440467197	73.62011325175773	-5.940158943239582	557.547892222867	-5.443659595933815	317.596850246963	1	-5.581429887782089	424.7211962474539
18	-7844.620094582112	-8036.707836418885	-7844.620094582112	-192.08774183677238	-7844.620094582112	893.7677748114188	13551.422968658653	1.0	0.8047447273114517	0.19525527268854492	1.2299203441471098E-4	-176.70098307541238	0.0023127722044991787	6.681608299573986E-4	0.8271433522290367	-5.6679337038513005	309.33160265591806	-4.9685573901782885	91.04577055831669	-5.330502561123894	426.1951442242487	-6.447879572247938	508.49959333759733	1	-7.169333366370941	575.9719502947017
19	-7813.5639429274925	-7995.859221048299	-7813.5639429274925	-182.29527812080647	-7813.5639429274925	1089.6459326278664	11303.829714191505	1.0	0.835429337564745	0.16457066243525204	1.768174793549349E-4	-172.1153476430779	0.0018371025583107086	2.6791290170724046E-5	0.8824156955097812	-6.162031012688027	481.808805939103	-2.57234396973867	81.48269221519331	-5.48638286896538	416.0344415526559	-5.172173918927591	339.9428010171528	1	-5.179351463969923	338.59680038337353
20	-7801.503280109024	-8002.087663564549	-7801.503280109024	-200.58438345552514	-7801.503280109024	1577.5496394274492	20127.43396253743	1.0	0.8550945800125905	0.14490541998740603	1.5048603748638392E-4	-187.14674476790807	0.001399594817504382	7.165391467450883E-4	0.9378709522141363	-8.303684090707005	687.4740657979037	-3.1527593358880193	74.41259053653106	-5.226764793800598	451.8602944246024	-5.6236157817119325	429.1773320693013	1	-5.308148357683412	392.25805784625913
21	-7757.8906130240985	-7953.4623211684	-7757.8906130240985	-195.57170814430177	-7757.8906130240985	1453.2277483566797	18143.889417156628	1.0	0.8932498869162143	0.10675011308378222	8.5582272519464E-5	-184.16135533176805	0.0010823877706272903	1.2741740136895584E-4	0.9095017789797786	-5.361147726518131	399.32999695319063	-2.886868496514142	75.76625431281371	-5.38394737175713	489.0113715393314	-5.6569519952968665	432.64166412272385	1	-7.210692076580775	579.8946216187173
22	-7757.030830258787	-7946.445677813235	-7757.030830258787	-189.41484755444793	-7757.030830258787	1385.2036785346834	14552.338614004439	1.0	0.8463611156689012	0.1536388843310955	1.0892483113106664E-4	-178.85000084600003	0.0014723383382536513	3.9949428739399924E-4	0.9138733785053479	-5.1611276829225705	364.86039416588164	-3.6645686728073126	72.46278490698143	-5.6435390811862565	409.740422445791	-5.143733657888924	356.5386539427528	1	-5.750975666914637	306.98483631706085
23	-7742.610808898665	-7938.084315875928	-7742.610808898665	-195.4735069772631	-7742.610808898665	1630.7271206960336	19584.86746179475	1.0	0.8725307741689334	0.1274692258310633	1.1202298484851876E-4	-184.75882515617454	0.0014294997580230216	1.0040279992145193E-4	0.8763000759562971	-6.615632395851898	524.0951691498869	-2.787317471949931	83.59820112216617	-5.4152474069285645	493.67027158683925	-5.2642117279816425	385.8108567158079	1	-5.452929370882027	317.1749277474162
24	-7445.600938455495	-7638.253927488499	-7445.600938455495	-192.6529890330035	-7445.600938455495	1309.5328207432294	14265.365989575072	1.0	0.915324457855152	0.08467554214484649	9.150295177813767E-5	-178.4065739560912	0.002376527831033493	7.414317024005237E-4	0.9331857648349512	-7.046468652317405	564.3665375144491	-3.2228567967865285	74.10729115284084	-6.696007237400222	641.5381527263434	-6.679504929305342	530.0373571806449	1	-5.221375399859261	332.7749461812438
25	-7440.5959540370495	-7628.411270542337	-7440.5959540370495	-187.8153165052871	-7440.5959540370495	1349.994063353611	12726.476060738125	1.0	0.8639650662543473	0.1360349337456508	1.8872932785851708E-4	-175.23331028258343	0.002572888302536255	7.45787493238546E-4	0.8830400849361939	-5.191651827040181	336.6033914943725	-2.753976833935803	83.35857401509205	-5.497434613844815	504.9996815385949	-6.526737507560041	292.99469447643827	1	-6.85963395932137	546.8371573389169
26	-7394.214811833117	-7594.92817068115	-7394.214811833117	-200.71335884803295	-7394.214811833117	1779.1915059804442	21023.851548693558	1.0	0.9172083760568321	0.082791623943166	6.1255880389195E-5	-191.1782242794923	0.0028707968939233643	0.0025161978339234416	0.9001096572695477	-5.245092135798713	382.7580338393893	-2.709001509588342	83.00520435203306	-6.139935248659866	579.772678361351	-5.270562334822651	386.7866172877247	1	-5.370877937496389	321.28718575209405
27	-7374.874039774518	-7570.583897490731	-7374.874039774518	-195.70985771621287	-7374.874039774518	1174.0776061635543	15981.525469854598	1.0	0.8869478157190237	0.11305218428097442	1.103023573505524E-4	-180.4423519964015	0.0024464878073199386	8.421744835291892E-4	0.7082276743675848	-6.4472481766612635	508.4408752248497	-4.46012216286808	89.82788308138967	-5.624515417506573	410.38967228170554	-5.146308052880597	347.76350485175044	1	-5.558136296259547	312.94245288380785
28	-7333.0206351227225	-7536.689123128178	-7333.0206351227225	-203.66848800545552	-7333.0206351227225	1494.9854843538271	19688.635789679716	1.0	0.8910323004681081	0.10896769953188964	6.19382933157882E-5	-189.00737075594242	0.00264659304854683	0.0021454997238936594	0.7391343784246907	-5.2402278065028565	330.7933843969785	-2.653982388305559	77.49394789891764	-5.369581692636307	486.7817974255973	-5.421213931872493	406.74423457581815	1	-9.15018531789929	777.3463310749873
29	-7289.585649589676	-7480.583936323031	-7289.585649589676	-190.99828673335426	-7289.585649589676	1301.702064197649	15696.433188928117	1.0	0.8160270716652178	0.18397292833478027	1.3430039815889465E-4	-180.0237736225666	0.0018164810913760513	5.578878068416562E-4	0.8314394115925173	-5.305765913951311	391.9244806682445	-2.6363239782992816	77.67677451954714	-5.358668684246015	485.0414705088964	-5.141864546690035	353.0846147508928	1	-6.756016893173166	537.1640775282657
30	-7275.6417522845695	-7459.267116748489	-7275.6417522845695	-183.6253644639194	-7275.6417522845695	831.8840699767403	10944.801034612483	1.0	0.8112277822481917	0.1887722177518067	1.9276916254545984E-4	-171.67698931531436	0.002942563371427983	5.401085239272268E-4	0.9188713280298626	-5.14330907455685	349.9720022908384	-2.9455669173479833	75.43277725685942	-5.45407718766642	499.15672318881866	-6.033462624278204	300.62885400233324	1	-6.464475382143483	510.0428160164113
31	-7249.126947637347	-7432.455611301148	-7249.126947637347	-183.32866366380065	-7249.126947637347	749.829679711365	10215.236590063923	1.0	0.9315033253530555	0.06849667464694258	1.012728231822112E-4	-171.5406751285488	0.003892783934726531	1.9575436404270976E-4	0.894930341440033	-5.524348579779269	314.2032451538085	-3.9512460207034623	71.56534062612873	-5.295718460921829	429.82023427723686	-6.5551998160881295	292.6392481996637	1	-5.160921380328484	364.79284684489954
32	-7221.038984913561	-7402.759216983841	-7221.038984913561	-181.72023207027968	-7221.038984913561	876.2544493480887	10615.849130233215	1.0	0.8347668830134231	0.16523311698657506	1.8644081027545582E-4	-170.6028437574884	0.0026867689514082577	7.367413242114607E-4	0.798656249443217	-5.509038469876636	314.8027423828586	-2.6723322016812223	77.31713067740479	-5.248439462679051	462.35571477074734	-5.3367360585784756	323.3117793410551	1	-5.716591480663445	438.7340336056174
33	-7200.477841866002	-7385.623521706296	-7200.477841866002	-185.14567984029426	-7200.477841866002	1236.4802479929747	11051.587446919251	1.0	0.9263218328620301	0.0736781671379684	9.113602803360331E-5	-172.75041742470364	0.0036377801715474565	0.0014388581170104065	0.9171213188101185	-5.277823110559622	327.468575988958	-3.397735533241597	86.59302315938153	-5.226125549307868	450.93904588783715	-6.882561838732807	289.00783772358733	1	-6.306628842212676	495.34585070100184
34	-7175.555396596983	-7358.210078527619	-7175.555396596983	-182.65468193063555	-7175.555396596983	1019.9735170350771	10402.851279419738	1.0	0.8797510621676409	0.12024893783235795	1.90374019159153E-4	-170.36143725041333	0.0025675514911067056	8.295830056297347E-4	0.7754746144327332	-5.142608574151811	350.8126254055687	-2.545382015560566	80.92210546907047	-6.774338264851007	390.19868574497855	-5.572512490372249	423.76768144991337	1	-5.205969305182222	375.75318097170094
35	-7174.397253198208	-7366.796909307763	-7174.397253198208	-192.3996561095545	-7174.397253198208	1070.5659915622768	14803.563390234362	1.0	0.9116805730766924	0.08831942692330647	1.0584304683633003E-4	-180.98946544034757	0.0014158690652256933	5.971890502728816E-4	0.8397611358919348	-6.948435471866937	555.1528425966432	-3.149864010068523	85.57443972265263	-5.270018254230537	433.326114303694	-5.1613422630731245	364.9303140317495	1	-5.455330144978142	410.7534541182642
36	-7174.2991698179985	-7363.661730355636	-7174.2991698179985	-189.3625605376377	-7174.2991698179985	1456.7029966867537	13661.97477173936	1.0	0.8872631243950657	0.1127368756049335	1.4029135012547006E-4	-176.5565611499178	0.0026887345137665704	6.366204873761272E-4	0.7599438800494615	-6.573594468558088	520.1865702915135	-2.528388981476716	80.02503581229278	-5.440462048704147	497.2643015446954	-5.318189648366603	324.51600520783603	1	-5.85429943240773	452.4078704803781
37	-7132.532961419803	-7315.293077199843	-7132.532961419803	-182.76011578004028	-7132.532961419803	1039.9992878412556	10473.506722457787	1.0	0.9148638109477976	0.08513618905220197	1.608952235300721E-4	-170.11245711744678	0.0024257016691836713	4.3532435213644236E-4	0.8206879334057464	-5.666821868411659	433.658733330132	-4.425611769648081	89.7397005190337	-5.291148012219523	472.89301971946475	-5.886297171688829	303.67883665134764	1	-5.24093862479423	382.0686635592178
38	-7071.225602353812	-7263.115553031176	-7071.225602353812	-191.88995067736374	-7071.225602353812	1327.3045459067719	16717.31536146434	1.0	0.9172219621055948	0.08277803789440485	8.705586973637694E-5	-183.0815577649436	0.0013507330798493927	5.789448574449714E-4	0.9106781530930365	-5.310848648226717	325.0164774934934	-2.559541178451609	81.24829349138807	-5.23928598888736	459.15757453879326	-5.451372193894817	317.24515207890056	1	-5.2784324392799356	387.97293225626015
39	-7066.646955066873	-7258.114257850725	-7066.646955066873	-191.46730278385292	-7066.646955066873	1183.7885497302743	14651.734935176102	1.0	0.9100124445593006	0.08998755544069892	9.11949733338993E-5	-180.02599121278658	0.0014407519386451248	5.219101496109491E-4	0.8509858953639717	-5.242499828208874	382.32899646914433	-2.8067271214246827	83.730621099669	-6.7320420658475015	390.61207596278103	-5.1636278956216675	365.6551055008728	1	-6.318371051742824	496.44121408341124
40	-7062.748663882408	-7255.903558817777	-7062.748663882408	-193.15489493536833	-7062.748663882408	1948.2801213360124	16655.0935368106	1.0	0.8793321783281846	0.12066782167181485	1.1952719882254852E-4	-182.40137772331653	0.0025714338960746235	0.0017353629094105755	0.9419098515519921	-5.176951403334739	369.35189180291985	-2.8293638947745765	76.12064793337983	-6.533115509573407	623.3108846482334	-5.1467567193869375	358.7969828692252	1	-5.220174578777042	378.44628621046206
41	-7031.148995407194	-7220.072653657407	-7031.148995407194	-188.92365825021233	-7031.148995407194	985.1654914273213	13365.195435741363	1.0	0.9046645911318116	0.09533540886818734	8.748282068542602E-5	-175.55877722151237	0.002207547290719453	4.567777531379134E-4	0.7419008325040408	-5.654172670616177	309.7492205951457	-2.5288037714204696	79.8538278785649	-6.291863878584146	596.5656091153874	-5.145176785955117	348.4597565675039	1	-6.747254599449064	536.3473153252401
42	-7018.944681529846	-7208.763871064596	-7018.944681529846	-189.81918953475036	-7018.944681529846	1408.7772609774936	14495.6275289792	1.0	0.9022699853976812	0.097730014602318	1.1371657048390708E-4	-178.48519519208784	0.0016712914609568878	4.2827976954168493E-4	0.7729502193376128	-5.463109209275078	411.65101078181334	-2.5529069676252303	78.8925136121275	-5.237923769237141	458.6091527417226	-5.352197223945984	322.36670862702886	1	-6.188855887622733	484.32834623456694
43	-7014.778006511298	-7198.681275689763	-7014.778006511298	-183.90326917846502	-7014.778006511298	1069.574822629476	13117.939055831032	1.0	0.9235505773905384	0.07644942260946126	7.590878863778017E-5	-175.7928315107541	0.002106874315282389	5.096913065872408E-4	0.9056765643759922	-5.141967333575986	353.8143830565721	-2.5313042239250647	79.61739195733152	-5.22557102557259	448.6282325292359	-5.145407308637613	357.909599397485	1	-5.172130566917207	368.09826267196655
44	-7003.890953186066	-7184.459223156159	-7003.890953186066	-180.56826997009318	-7003.890953186066	909.8614454139797	10384.081119803543	1.0	0.8975381877900059	0.10246181220999348	1.253466119934988E-4	-170.13208733959064	0.002396514355440568	4.6176326351195744E-4	0.9521555308281932	-5.223671750987067	332.51887153003037	-3.0287916835152036	85.00207575850482	-5.530625358802787	509.3188635784502	-5.324297658002573	394.47979364895855	1	-5.170168890892439	340.35104084173946
45	-6982.552907946957	-7174.2032155804145	-6982.552907946957	-191.65030763345717	-6982.552907946957	1033.0825201863152	14607.112510726358	1.0	0.9270581217113438	0.0729418782886554	8.24957721860829E-5	-178.6952408490943	0.0023866111167707886	2.236215038404624E-5	0.8806383291701616	-5.671435307068402	434.13286894950227	-2.6364933079896025	82.325046906525	-6.077603874709649	399.26494127285	-5.634039710591869	430.26563142783635	1	-7.953721686085352	652.103225928727
46	-6903.373746760884	-7090.647040878276	-6903.373746760884	-187.27329411739188	-6903.373746760884	1277.4368659183278	12166.258970425752	1.0	0.9016216656761903	0.09837833432380867	1.0119535135067544E-4	-173.67459389094418	0.002466256825787302	5.058473362804454E-4	0.8672843288670046	-5.679711082443966	308.9811330596777	-2.5853425931859513	81.68769291559778	-5.9113701359366	554.3134432452526	-6.478149658372708	293.6186658994254	1	-7.696993134416842	626.7442294589716
47	-6894.6011998979775	-7083.474338433543	-6894.6011998979775	-188.8731385355656	-6894.6011998979775	1271.9741208159387	13884.481207271263	1.0	0.9366139072997118	0.0633860927002869	6.759155116382908E-5	-177.36995230246188	0.0028521452528619024	2.1802438525176415E-4	0.7462716120617955	-5.484821663421388	414.1271714658798	-2.52838098870973	80.0150716139767	-5.911044733329879	554.2768171005739	-5.434034855367112	408.26559781380774	1	-5.415386062479203	406.0463663175244
48	-6881.490288564519	-7065.548813632959	-6881.490288564519	-184.0585250684403	-6881.490288564519	1243.0632457312706	11349.377124317622	1.0	0.8995502521195428	0.10044974788045645	1.0310208204097104E-4	-174.3443218627678	0.0016628680529187949	4.831800674899206E-4	0.8270677003468717	-5.297383161579272	325.9739391869953	-2.571600027311117	81.47009492333564	-5.861531633522876	403.668543991225	-5.213271474544009	333.71706747824663	1	-5.194341014598315	373.36851742722695
49	-6873.311688840256	-7054.702063330116	-6873.311688840256	-181.39037448986096	-6873.311688840256	960.4965028512466	10154.682396937536	1.0	0.8752354215716707	0.1247645784283285	1.67091944366593E-4	-169.47325322513856	0.0022609824303979793	2.241603801373904E-4	0.7988590902905197	-5.3171650290410915	393.50669617760724	-3.982184612222388	88.52586701334127	-5.363845327891523	485.8724070435	-5.359486342649502	321.9378124971133	1	-5.414957215871318	318.96640147696917
50	-6858.706728329287	-7048.259257457605	-6858.706728329287	-189.55252912831725	-6858.706728329287	1445.2506101501149	14271.88111867773	1.0	0.9145663205396931	0.08543367946030637	8.614116517312655E-5	-176.99389767491846	0.0019194352379473126	8.340650218228907E-5	0.8231365568909015	-5.23147179263816	331.6810593168127	-2.6388015085681236	82.3497346970387	-5.574063366664642	514.8150316565826	-5.147006483548196	347.37991932515683	1	-8.483632473513527	706.0490247805757
51	-6853.025017480139	-7041.893141829928	-6853.025017480139	-188.86812434978984	-6853.025017480139	1476.2661564451546	13127.498717408496	1.0	0.920437725356708	0.07956227464329103	9.596372241663593E-5	-175.44371569941066	0.0019277549140200181	2.6494956426044317E-4	0.789916719875421	-5.45452833390413	317.1030879374345	-4.488680400368948	89.90026250846455	-5.236905473111991	440.65105197353705	-5.2338741861421685	380.8712451740566	1	-6.911630486665122	551.7030664423874
52	-6847.9665375739305	-7036.9446379205565	-6847.9665375739305	-188.97810034662638	-6847.9665375739305	1185.7355731324667	12999.097465186192	1.0	0.8763717001141524	0.12362829988584662	1.2380887910259556E-4	-175.048923240544	0.0021359396519963748	1.8763120509746018E-4	0.8968321473131365	-7.589080733273269	616.2218309254258	-2.5338767247734744	80.52441773114101	-5.3177428783986525	427.41897991648085	-5.344367909710949	322.8390479707288	1	-7.8368444600724985	640.4996708826818
53	-6845.945052582429	-7042.330090960937	-6845.945052582429	-196.3850383785082	-6845.945052582429	1244.107253052866	12903.32979643723	1.0	0.8935248731744372	0.10647512682556211	1.174573418803163E-4	-174.17592723655932	0.002312325201292686	1.9051696449965595E-4	0.5486001821307077	-5.2230102990937235	378.9605983347578	-2.534034505120531	80.53188624167946	-6.669796466489461	638.5928092394417	-5.919876457294587	302.9389726792754	1	-8.725348582031666	731.4385562131785
54	-6839.373310171674	-7032.295188443233	-6839.373310171674	-192.9218782715593	-6839.373310171674	1548.112226041078	15270.269376007256	1.0	0.9145178746576111	0.08548212534238812	8.37135603750445E-5	-180.07128823498448	0.001242150692566606	5.5209154208404556E-5	0.8620163737867924	-5.6214396469806704	428.9495296385428	-2.528963938974284	79.8286096071083	-5.292802621717315	473.23325292955116	-5.545461350369376	420.8476146695871	1	-8.88136198782886	748.1030032676882
55	-6836.062666315969	-7019.252218498215	-6836.062666315969	-183.18955218224613	-6836.062666315969	1037.3328314202806	11278.240439162873	1.0	0.8989028663020059	0.10109713369799361	1.3024041771010538E-4	-171.37576533044447	0.0023369866969190217	5.60135076529519E-5	0.8576246781119389	-5.173228797877896	339.73422354381427	-3.0787895888625565	74.75398654584367	-5.4672484074094285	416.9889837617964	-5.440913611008985	317.72366025582437	1	-7.132065250681317	572.4443881162939
56	-6827.097223395849	-7009.707351299523	-6827.097223395849	-182.6101279036743	-6827.097223395849	1143.245366047049	10653.130326779512	1.0	0.9046029267516069	0.09539707324839311	1.2521559745262437E-4	-171.06068025078915	0.0034152369531166584	0.0015267083192551823	0.7753537464893403	-5.543503797253962	313.4784360819702	-2.8576022708928637	75.94274831163945	-5.2591668335537065	435.186060165781	-5.146668829216354	358.74302479333966	1	-5.966137417389061	463.2287293916256
57	-6825.471628875948	-7013.132202026521	-6825.471628875948	-187.66057315057222	-6825.471628875948	1171.6805991649824	13473.584944900122	1.0	0.9037251927937235	0.09627480720627647	9.61723115167E-5	-175.74765100890315	0.0019994639789308244	4.832844619341337E-5	0.8870660597359147	-5.3119129516955415	324.94301964196507	-2.573897399553552	81.50865758067859	-5.436156947247763	418.6670610029245	-5.807121455272471	305.54430675414187	1	-7.717946389437938	628.7964525940342
58	-6824.148582693266	-7010.107584830014	-6824.148582693266	-185.9590021367489	-6824.148582693266	1367.641778976118	11724.408430037936	1.0	0.9068084023043893	0.09319159769561103	1.1485278972672899E-4	-174.6358393227939	0.002035753371678989	0.0011895214354770735	0.9357114149462012	-6.394360953022709	294.7493122470425	-2.534222011837914	79.45937230004645	-5.225748615912656	447.82013710192376	-5.680642528484151	308.9536813871165	1	-5.880518504648586	454.9634635903691
59	-6821.681394504159	-7011.94539695094	-6821.681394504159	-190.2640024467823	-6821.681394504159	1402.5522758104253	14393.364924812191	1.0	0.9359957855628512	0.06400421443714917	7.025416262619445E-5	-178.10496943008684	0.0014116250603077845	3.183145323323466E-5	0.8564904811525791	-5.5874722859823835	425.3648853674158	-2.544233455281835	79.10957848063228	-5.965296382488496	560.363364953327	-5.413970697937803	319.01529400137696	1	-7.76579570779621	633.4943292780656
60	-6809.307165082086	-6994.546359029977	-6809.307165082086	-185.2391939478908	-6809.307165082086	970.709234784099	10163.674593444119	1.0	0.9283114286186182	0.07168857138138261	1.0083277487058396E-4	-169.38395578713087	0.002247101806925123	1.7260903620532446E-4	0.7905228285632153	-8.788163133903744	276.7925653669234	-3.8851783626825194	88.2365099315297	-5.352464341107639	424.30156300477256	-5.680461194067563	308.9590226735598	1	-5.986057080175858	465.1365211152156
61	-6805.264153324212	-6991.154966146518	-6805.264153324212	-185.89081282230572	-6805.264153324212	1115.4088291385362	11841.938981899877	1.0	0.9122523799996468	0.08774762000035424	1.1023527560204474E-4	-173.1488964378486	0.0019526969248445352	2.381337795421575E-4	0.928540266467252	-5.542563863076386	420.5322411222026	-2.9900163352951963	84.80437243381705	-5.444995964096898	497.89795440112323	-5.160125796150043	342.697029317067	1	-8.18573050251405	675.4439664623296
62	-6794.867772509402	-6990.023892619029	-6794.867772509402	-195.1561201096264	-6794.867772509402	1725.8028894127515	17022.64847253341	1.0	0.9131837630579587	0.08681623694204227	6.87110388344539E-5	-181.89250953663668	0.0013671440917910913	1.890511286376286E-4	0.928169671324978	-5.4874191584850625	414.4206907137231	-3.501983081679037	86.97712919487759	-5.77309422140343	538.5718103752482	-5.173413567486969	368.4396892372616	1	-8.399728462935418	697.354218421495
63	-6785.974670127176	-6981.70492831909	-6785.974670127176	-195.7302581919143	-6785.974670127176	1495.771095573619	14668.549928059809	1.0	0.9081073472101124	0.09189265278988848	8.335882263017462E-5	-180.0497471908726	0.0029173966888076295	6.861048347834898E-4	0.8559319447421261	-5.275437566146259	387.5243508692272	-3.6327547819843677	87.43094319836182	-5.23738876534785	458.3864704753176	-5.202116842213728	335.12790062202544	1	-11.128299303484734	1015.3765247015012
64	-6784.4529506086965	-6978.095643068586	-6784.4529506086965	-193.6426924598889	-6784.4529506086965	1297.5453156419048	14650.185912164228	1.0	0.9019190014858744	0.09808099851412701	8.427055705165999E-5	-178.6657958996825	0.0019578932427977667	6.551385991409687E-4	0.8974278650835587	-5.304995244689495	391.8162358999085	-2.622391287464634	82.16811948270686	-5.610115430838094	519.268027105336	-5.336302903342087	323.3389892785928	1	-11.149745741849491	1018.1958014612419
65	-6780.160617942726	-6967.813231153347	-6780.160617942726	-187.65261321062124	-6780.160617942726	986.2998572058921	11320.680961058637	1.0	0.9226000612999408	0.07739993870006058	9.274997211167073E-5	-172.94005771211124	0.0023297380752246005	9.128177671741737E-4	0.7764792840536356	-5.143567735891828	356.37468230956927	-4.052510773056779	88.72964583307366	-5.716784720571027	532.0227968188915	-5.9291011466061985	302.7406028243738	1	-7.506363512187786	608.2076115649063
66	-6772.352244827985	-6955.701659662748	-6772.352244827985	-183.3494148347637	-6772.352244827985	1068.8242219636236	11300.143524987583	1.0	0.9047235317563065	0.09527646824369493	1.0036286528459158E-4	-171.95936121334023	0.0020418771743199934	2.0157601806747666E-4	0.8620540638913436	-5.151828011690307	345.27346183748256	-2.529079429769133	79.81251878355951	-5.253647310143193	463.9261984710978	-5.715130467074956	307.9634647514128	1	-7.513929091033468	608.9388185146
67	-6769.109027991244	-6960.116757747489	-6769.109027991244	-191.00772975624506	-6769.109027991244	1160.6784357659387	13499.351262653081	1.0	0.8987422294232724	0.10125777057672838	1.0106845210378648E-4	-177.82282119562234	0.002876758348214952	0.001233951318057001	0.9226862251791499	-5.256945116266905	384.6722029436214	-3.043411766882641	85.07461979484113	-5.735813356760535	534.2474576892001	-5.146738949286522	347.5233826369486	1	-8.627431085602325	721.0915334788469
68	-6768.429570350334	-6957.182496365688	-6768.429570350334	-188.7529260153546	-6768.429570350334	1200.5624719892282	12682.672641780113	1.0	0.9130398198994174	0.08696018010058366	9.872468301776044E-5	-174.89672711213086	0.0023821318448285687	6.664330636761516E-4	0.8516400776081994	-5.585655513023031	425.1715476601312	-4.651504711997653	90.30322344307567	-5.3066782150341885	428.5729539341749	-5.479045846127748	316.03415116658175	1	-7.492852566969772	606.9026755597014
69	-6765.539787838302	-6963.09275555652	-6765.539787838302	-197.55296771821844	-6765.539787838302	1324.3450440982776	14795.260399891751	1.0	0.9133525782805378	0.08664742171946316	8.356078236013927E-5	-178.94982044629623	0.0017510096945340787	5.3705983970631E-4	0.8151744458116249	-6.112757707563886	477.1680481459501	-4.191006387599817	89.11764756382107	-6.229916880554167	589.720536691723	-5.632438808261245	310.42752194222913	1	-10.877617017972812	982.8226951458081
70	-6763.212605821225	-6955.052678373251	-6763.212605821225	-191.84007255202596	-6763.212605821225	1151.6033042408149	12168.539787225163	1.0	0.9010472756152406	0.09895272438476109	1.067650261111042E-4	-175.2692870526928	0.002896248598777852	0.0018235430368507774	0.8639801972303333	-5.636122004860714	430.4824672731114	-3.17980673508833	85.70714591301798	-5.695662143942755	408.07859563383045	-7.151303130283424	286.52901183721866	1	-9.521533757843196	818.8880118735844
71	-6762.697769503443	-6949.396199866719	-6762.697769503443	-186.6984303632766	-6762.697769503443	1164.3133801734027	11105.652174357921	1.0	0.9158697842478954	0.08413021575210584	1.08480641019262E-4	-172.05307973958034	0.0025225627659060763	9.198355608312874E-4	0.7076620672142573	-5.587400673605827	425.3572677494748	-2.9224995061019623	84.4391612972677	-5.2446476034112015	461.1141914177926	-5.451280417274546	317.24929905783546	1	-7.400010695892065	597.9657270429798
72	-6759.139928151343	-6950.598819236743	-6759.139928151343	-191.45889108539976	-6759.139928151343	1269.2933820101698	13116.76470288317	1.0	0.915803557518243	0.08419644248175796	8.76158317602788E-5	-178.63039743536862	0.003685647379996788	0.0024069312879604447	0.8869993891914241	-5.638225939578058	430.70136952502105	-3.23754821147177	85.95471143647195	-5.653773961517566	524.5545938925245	-5.604907569867105	311.3220060563993	1	-7.496113958402162	607.2175689212953
73	-6758.234582145631	-6945.629816597556	-6758.234582145631	-187.39523445192503	-6758.234582145631	1247.5992234773482	12464.632319444681	1.0	0.9222208325865557	0.0777791674134456	8.408245938936738E-5	-174.0928445023339	0.0025195964966016958	4.294365428969913E-4	0.8167013039444273	-5.230338865225768	331.7998406616294	-2.5313993341810663	80.3887729763174	-5.2748398311789115	469.34385493436764	-5.280662202569831	327.2431814580222	1	-9.367327868293327	801.4725229839723
74	-6754.308846279489	-6945.228313672235	-6754.308846279489	-190.91946739274613	-6754.308846279489	1310.5349848940891	12525.096834496662	1.0	0.901379304635083	0.09862069536491815	1.0240047825782853E-4	-175.18434860314744	0.0029737779179528686	7.253867122118541E-4	0.8801384872011638	-7.367704189788748	284.7841316853154	-2.5578422752157115	81.21379218931699	-5.9894555134622856	563.0625577877212	-5.636488822295405	310.2993260811875	1	-8.932890670605389	753.6559859721704
75	-6746.888441373689	-6934.425608379824	-6746.888441373689	-187.53716700613475	-6746.888441373689	1223.2722520508241	12272.19706358312	1.0	0.9376002008416224	0.062399799158379086	7.174080934264163E-5	-174.33071476921378	0.0025414729315548505	8.480816419835147E-4	0.8647754326283124	-5.179306732555761	338.60470297239925	-2.5303162922356432	79.68856408388959	-5.28260318480951	471.0817157332831	-6.2305801981208955	297.1884597500682	1	-9.015498181822743	762.6097234738124
76	-6742.671942181294	-6932.598300724915	-6742.671942181294	-189.926358543621	-6742.671942181294	1136.5837253444827	12033.956107554004	1.0	0.927998542960824	0.07200145703917771	8.563646195071704E-5	-174.25933026827963	0.0029135227525039905	0.0010589172660770408	0.9007406488131338	-5.2878453321979535	326.6861649360343	-4.815476025277705	90.69368874532762	-5.236473479677424	457.9948006193787	-6.188384607287292	297.8733837710043	1	-9.06101867532027	767.5710231647539
77	-6742.6244955810935	-6931.4846800937385	-6742.6244955810935	-188.86018451264474	-6742.6244955810935	1272.6391676169012	12942.816310524562	1.0	0.9032788397558565	0.09672116024414563	1.0221102525001669E-4	-174.79113518023655	0.0020658198880321773	8.492852017316844E-5	0.8820433400702768	-5.66287939245238	433.25291840616654	-2.57641802927584	81.5498642462659	-5.242521447958628	460.37130765659145	-5.784674228941449	306.1075198881457	1	-9.663079446133482	835.0843703505773
78	-6742.463283772713	-6934.5915805695595	-6742.463283772713	-192.12829679684634	-6742.463283772713	1217.294648775014	11763.702121305605	1.0	0.9154093149678771	0.08459068503212487	1.0463073764263199E-4	-175.89448569042187	0.004206080785150303	0.0013647820511557055	0.8530148693620895	-5.258331629066899	384.891388022012	-3.139593246061658	85.52818596115799	-5.992577346488865	400.8584575874194	-7.194479827680648	286.1646504486104	1	-9.072108183663659	768.7826417641812
79	-6741.32427675403	-6937.325671865021	-6741.32427675403	-196.00139511099135	-6741.32427675403	1268.8798548752682	13622.635743875393	1.0	0.9223806970349774	0.07761930296502448	8.276808469877366E-5	-176.93153370345573	0.0017081530935072768	4.0354674918238346E-4	0.9211789970446452	-5.254830549094153	329.4183297602098	-8.136093320443836	96.74472584846504	-5.275623441501049	469.5238555052169	-5.479944014197603	315.996104771411	1	-9.879101174286173	860.1992794530294
80	-6738.487572037238	-6928.771680363003	-6738.487572037238	-190.2841083257649	-6738.487572037238	1365.194145506541	12741.233997445122	1.0	0.9161079179545296	0.08389208204547222	8.542328123474201E-5	-175.88559059494864	0.003077566182860294	0.0017729988476363526	0.8003413183976761	-5.284383165905665	388.8543782114848	-2.7137458098116873	83.04441590599014	-5.832308413406069	545.3620661750406	-5.328041181096303	323.8661235655421	1	-9.275908723026626	791.259155734805
81	-6736.193791285608	-6931.830428786606	-6736.193791285608	-195.63663750099786	-6736.193791285608	1143.83786465448	12848.386377645473	1.0	0.9238981771181334	0.07610182288186855	8.344467702358888E-5	-175.3137492712117	0.0034325582332417714	6.525194570416963E-4	0.6510979129469084	-5.286683061014886	326.7750463335471	-5.291485777288052	91.75395535904676	-5.26812934675317	433.628554108771	-5.218218000978821	333.13463272975116	1	-9.817333136418576	852.9685872751796
82	-6735.758927766465	-6924.699077799959	-6735.758927766465	-188.94015003349423	-6735.758927766465	1224.1967517765518	12593.835684799786	1.0	0.9135173173089124	0.08648268269108932	9.170360282453221E-5	-174.8348291124784	0.002449717040459488	6.051526163804146E-4	0.9241145470467202	-5.276062760068014	387.6182779554493	-3.652492622547063	87.4970533441756	-5.2262567681205025	446.8075473483961	-6.22577770176122	297.265144370413	1	-8.47568448057673	705.222817999724
83	-6734.171270609246	-6921.69401105422	-6734.171270609246	-187.52274044497386	-6734.171270609246	1109.3372086076781	11988.756254920747	1.0	0.9208837673959045	0.0791162326040971	9.381462204553836E-5	-173.62815084176023	0.0021893163988828622	5.457469983419445E-4	0.9142205099554794	-5.173625884115179	339.65675530601294	-3.062410717351834	85.16737008406143	-5.239995003154028	439.6506907763781	-5.671430736476256	309.22688125993517	1	-9.603384657933528	828.2289738177078
84	-6733.641497096052	-6922.317811694322	-6733.641497096052	-188.6763145982699	-6733.641497096052	1126.1457654133912	12075.97753673039	1.0	0.9141236404169939	0.08587635958300732	9.327722348878252E-5	-173.02638971973047	0.0020801370553000854	6.101539877041873E-5	0.8209303330453914	-5.171289476089571	367.8710815496758	-4.69174328889761	90.400401057793	-5.399190918443392	491.3111444968812	-5.618303245755253	310.8816650483281	1	-9.168584430594159	779.3728810824979
85	-6732.396199281345	-6923.32555724795	-6732.396199281345	-190.9293579666059	-6732.396199281345	1277.2374069206126	12777.81719975121	1.0	0.9163768968753536	0.08362310312464717	9.003375570331046E-5	-174.91064348100542	0.002614172853135248	2.3801071487028683E-4	0.8275943049828651	-5.295087758527004	390.4092330587794	-4.278163560722366	89.35357449075912	-5.2689653392924845	433.4937221760819	-5.725577888477942	307.67313660364715	1	-9.913361882787392	864.2271498873943
86	-6731.886117605648	-6922.310780144463	-6731.886117605648	-190.42466253881514	-6731.886117605648	1238.283739138166	12696.011761202251	1.0	0.9252508793697338	0.07474912063026688	8.211719961236059E-5	-175.11567244379478	0.0023535386794200186	5.786438689217724E-4	0.9705438873055492	-5.148189288014645	346.78880629683937	-3.004292463486103	84.87809398150205	-5.2960400035289945	429.7819431634371	-5.778352065521274	306.26913185391317	1	-9.329134645509686	797.1955832949717
87	-6731.7177630332	-6925.184029658143	-6731.7177630332	-193.46626662494313	-6731.7177630332	1178.658515540352	12328.479767938445	1.0	0.9302376187349436	0.06976238126505749	7.648128072371325E-5	-176.80177720903382	0.003715302171741763	0.0010471533466528998	0.8891924999850019	-5.258207985623881	384.871879824844	-4.947281504288645	90.99751121538385	-6.118395779614776	398.5535333979749	-6.242369475469805	297.00155710508693	1	-9.049805036115536	766.3470266553264
88	-6731.2584592406765	-6928.850726140223	-6731.2584592406765	-197.59226689954642	-6731.2584592406765	1442.445684195507	14246.235854830935	1.0	0.9034585631534519	0.09654143684654926	9.630532229082893E-5	-177.37009176608353	0.0018111825824131042	2.2449955770966973E-4	0.9227786161365916	-5.163648902236598	365.66160766795156	-5.356270125441792	91.89094966729533	-6.336808444228598	601.534342663136	-7.752802780149557	282.11090660991425	1	-10.407186263063803	923.6790447669134
89	-6730.13143018096	-6924.149275406584	-6730.13143018096	-194.0178452256245	-6730.13143018096	1486.8650448069293	14157.760904283976	1.0	0.9093700236203688	0.090629976379632	8.387342460258412E-5	-177.79719930248422	0.0014508245443074206	9.020111250384233E-5	0.8641261836312675	-5.176826250879936	369.32030408323305	-4.205365509918643	89.15693470622094	-5.76139311619349	537.2191037549629	-6.293317262669585	296.21507324858146	1	-9.794787294634759	850.3392445164113
90	-6730.106078216533	-6922.133603765723	-6730.106078216533	-192.02752554918953	-6730.106078216533	1251.9342324647587	12139.685963290922	1.0	0.9208230954118962	0.07917690458810459	9.388874047370418E-5	-175.03064512206052	0.001980226706910342	8.206282226435821E-4	0.8066105099079963	-6.65932751832052	291.39771136315795	-4.751000147804149	90.54187768418268	-5.254332411067766	436.1305165407217	-5.408753235665163	319.27602169153994	1	-9.102431794872071	772.101704192375
91	-6729.974319691009	-6924.193443210617	-6729.974319691009	-194.21912351960765	-6729.974319691009	1196.1706984158466	13376.069957887907	1.0	0.9164108816327815	0.08358911836721898	8.351996070663166E-5	-176.27010539992528	0.0026933254073995003	3.4464731356875333E-4	0.8115282816649396	-5.1903950432360535	336.7926528449442	-6.264610683888335	93.66790810301555	-5.321436043700506	478.71086676949704	-5.6472586717528275	309.962460827637	1	-9.822497838351413	853.5716507656441
92	-6729.638171428808	-6919.367173901525	-6729.638171428808	-189.72900247271716	-6729.638171428808	1187.8509707130374	12479.39112180914	1.0	0.9204808823735273	0.07951911762647303	9.001254149296194E-5	-174.47767712824677	0.0025965317508121507	2.8809297761775584E-4	0.8820773303375506	-5.740748081666851	307.25910098450595	-3.779412851389798	87.90897087411196	-5.544284731519998	511.06455398355337	-5.858075027931289	304.3233771530486	1	-9.246673773004087	788.0102821734241
93	-6728.951313424178	-6926.741268084508	-6728.951313424178	-197.78995466033064	-6728.951313424178	1187.2462762061564	11670.71862858932	1.0	0.9120810549834204	0.08791894501658001	1.0009677819552862E-4	-173.77823563779572	0.002599041345467535	0.0013728294141751936	0.8795780916955502	-5.148694935800975	346.5542384450758	-13.151263559573302	103.04656928257927	-5.256624695533238	464.76916843072934	-6.580572892399576	292.3283896705652	1	-8.666899438477756	725.2519294355044
94	-6728.179590548066	-6921.105481145054	-6728.179590548066	-192.9258905969881	-6728.179590548066	1210.3074059653577	12633.669279827822	1.0	0.9120352715554121	0.08796472844458837	9.263684566857495E-5	-174.6258859919988	0.002338978997301729	4.261561644948914E-4	0.8973182854866895	-6.504903695542799	293.27234724767817	-5.229540335572796	91.62145406120513	-5.508397102123087	506.43928897439383	-6.038182302484499	300.5386690682308	1	-9.947067678675964	868.2018440226478
95	-6726.199715525504	-6919.1014002813245	-6726.199715525504	-192.90168475582075	-6726.199715525504	1268.6106645435045	12033.17892390975	1.0	0.9154620679015129	0.08453793209848783	9.423553803999797E-5	-174.85255792465404	0.0024547519011940055	0.0014025035127695452	0.9644330029011486	-5.528954699743065	314.0264624142256	-2.7172701643707162	83.07322077576558	-5.3389683798147445	425.4364416171801	-9.253967347950075	274.99768829951256	1	-8.714144809293746	730.2503122229489
96	-6725.007383398016	-6914.413747255911	-6725.007383398016	-189.40636385789577	-6725.007383398016	1126.5623484020439	11616.31791207656	1.0	0.912861578766005	0.0871384212339959	9.895682857305139E-5	-173.61587012489238	0.002270105361970669	9.787655078229984E-4	0.9213189569012115	-5.807908361638313	305.52485559706287	-4.229550428324676	89.22272731540379	-5.2432152706196895	438.72869125438217	-6.214796470118529	297.44169761713863	1	-9.020743865846512	763.1804567213476
97	-6724.708195396429	-6919.537575189956	-6724.708195396429	-194.82937979352792	-6724.708195396429	1129.1830812683525	12544.422098415647	1.0	0.9221794334411325	0.07782056655886824	8.461592002838574E-5	-175.4791309267317	0.0029035109431191147	0.0014447274528182747	0.8277799754669598	-5.153563070076703	344.6578847249976	-5.27246301702199	91.71342514250895	-5.261163794898823	434.8194018522848	-8.316613979488299	278.9441032817276	1	-9.814050423766648	852.5854213431288
98	-6724.236954892137	-6915.761767572784	-6724.236954892137	-191.52481268064722	-6724.236954892137	1117.9510972033922	11686.551662920054	1.0	0.9210314649640915	0.07896853503590898	9.317992946461807E-5	-174.97900900444557	0.004306677307512528	0.0025515997029525775	0.7932034894201069	-5.215064465468935	333.50316364954676	-3.4668764699329495	86.85018256798378	-5.445702097205189	418.1335717936574	-6.95810332532313	288.27148462902124	1	-9.1606370043928	778.4971215910621
99	-6722.886823620871	-6913.617343668136	-6722.886823620871	-190.73052004726458	-6722.886823620871	1197.4709857930654	12333.355617770969	1.0	0.9128293820685157	0.08717061793148483	9.446959610556432E-5	-174.37212250479666	0.002599016073183116	2.3107773391944662E-4	0.9241994540864444	-5.330794447265697	323.6887046468206	-3.377098604289603	86.51430026422958	-5.2257089221892	447.9424426583722	-7.925724223790718	281.0574498441762	1	-9.214769927169343	784.474295595884
100	-6722.708998534554	-6914.671446231127	-6722.708998534554	-191.96244769657343	-6722.708998534554	1184.2782663641558	11915.00249026268	1.0	0.9215982890981388	0.07840171090186199	9.172040481816764E-5	-174.8664684477687	0.003718516911738856	0.0011589076874528124	0.8189275693256065	-5.708098421227849	308.1613386239893	-3.8007527899619795	87.97614049626512	-5.239436204409327	459.21654336547556	-7.713973646861086	282.3589095749361	1	-8.83455820668654	743.080406720087
101	-6722.129195167555	-6913.761267461256	-6722.129195167555	-191.6320722937004	-6722.129195167555	1101.9822466180792	11714.834134231887	1.0	0.9171614834474854	0.08283851655251548	9.964583250671892E-5	-173.23790306751144	0.0017531369569386667	9.556941207736827E-5	0.8516689118326694	-5.2753286943808275	387.50797884766746	-2.862752090828018	84.08886075324928	-5.331999805745248	426.0580826211531	-10.961786942223693	270.26459851397743	1	-8.688061191947789	727.4883018266371
102	-6722.088892375819	-6919.594600337861	-6722.088892375819	-197.50570796204235	-6722.088892375819	1255.7404817916752	13073.058951876152	1.0	0.9183245732754467	0.08167542672455429	8.331261600526296E-5	-175.20211620286085	0.0019162636529920945	1.7015031819181216E-4	0.8856620793335328	-5.191886983586114	336.5682952801286	-8.78736658991647	97.69037894489219	-5.361871865083503	485.55681863746827	-7.975492940868962	280.76876828361844	1	-10.053623717698315	880.8464526483159
103	-6720.008010043084	-6921.3858143165535	-6720.008010043084	-201.3778042734691	-6720.008010043084	1215.464137562901	12926.685721472846	1.0	0.9188683387983034	0.08113166120169785	8.565758581172706E-5	-175.4719832837523	0.0028762206611455806	3.082273232833266E-4	0.7806795032979279	-11.096674057116982	269.97871108870334	-5.42934223634877	92.04359952570243	-5.2255567973512544	449.0588255470626	-8.15536446169773	279.7747910212476	1	-9.741652522121596	844.1634347562047
104	-6720.007931767112	-6909.859425036505	-6720.007931767112	-189.85149326939342	-6720.007931767112	1124.5793781846132	11628.624886591106	1.0	0.9105262555410802	0.08947374445892117	1.060415731130552E-4	-172.68121229129147	0.0027177148640888213	5.041462608545926E-4	0.8704324401016927	-5.160018910712158	342.72549689159445	-5.769280649286131	92.72969796116027	-5.265979032206055	467.22317174460954	-6.710794965608815	290.8157711271838	1	-8.968423581413074	757.4995425766767
105	-6719.254940590385	-6917.073674966135	-6719.254940590385	-197.81873437575024	-6719.254940590385	1131.8250882353889	11734.985862883366	1.0	0.920956730606553	0.07904326939344869	9.286221768321907E-5	-172.60561328770748	0.002520977483414991	3.009296319458144E-4	0.8533407608215848	-6.909340851879709	288.7429765517241	-8.670745571754242	97.52479547115382	-5.468980497377659	416.90030009372134	-9.750015836471992	273.36739540653787	1	-9.137383844285186	775.9382432845425
106	-6719.133213983753	-6916.852089883679	-6719.133213983753	-197.71887589992568	-6719.133213983753	1150.1669275312856	12289.586378348942	1.0	0.9208158235604095	0.07918417643959215	8.699861626855253E-5	-173.98934559509357	0.002145595011137946	4.5274440275888466E-4	0.728120278689748	-6.698283566045834	290.95541231418713	-7.063249861347405	95.05801018678868	-5.226990433430669	445.9009438602707	-7.931014215906414	281.026469896714	1	-9.510968347117238	817.6872001536326
107	-6718.97765511157	-6917.754590252055	-6718.97765511157	-198.77693514048477	-6718.97765511157	1201.7107165818709	12002.714360714817	1.0	0.9103433165840771	0.08965668341592446	1.0750200591555856E-4	-176.1485692443995	0.003019474739482166	0.002479339195783617	0.8852866426361952	-5.17605719306381	339.19416738649943	-7.121667723901739	95.15468785271239	-5.322350949265372	426.9649025939284	-10.022185160409416	272.5738441889489	1	-9.666066215232995	835.4283298094247
108	-6718.40465476464	-6910.232390815088	-6718.40465476464	-191.8277360504481	-6718.40465476464	1103.0177959025782	11710.87201484305	1.0	0.9189390597810266	0.08106094021897457	9.512284580802974E-5	-172.51540942094226	0.002481634226231506	2.188845829190503E-4	0.8701195139645294	-5.1419752197421715	353.84521697484826	-5.414498862111976	92.0127482627274	-5.237792315037417	458.55484239449197	-9.505804622603785	274.1379034363566	1	-8.841828479243418	743.8592745695275
109	-6717.564767697958	-6917.753376625893	-6717.564767697958	-200.18860892793523	-6717.564767697958	1109.3919665904943	11912.141364249926	1.0	0.9074087011469806	0.09259129885302063	9.859889666875135E-5	-173.05306056883302	0.0024097648615798743	1.4597897851058208E-4	0.9178032169899275	-6.165718865235504	298.25203558538345	-8.664474007773308	97.51584648558918	-5.3327844985126855	480.7159808604651	-12.58963953971238	267.3751705792585	1	-9.150162758682466	777.3438483100736
110	-6716.256607035955	-6921.155349821826	-6716.256607035955	-204.89874278587138	-6716.256607035955	1127.1573149381657	12207.595838279962	1.0	0.9171021172403815	0.08289788275961947	9.239569054977737E-5	-174.13459623340805	0.0031030847620740483	0.001028187171875629	0.7682266299164294	-6.182436230541754	297.9720114351862	-14.834573885350274	104.80544037072463	-5.518757663612691	414.5333900399869	-8.450879499084648	278.29182210717585	1	-9.178712220255475	780.4897842456627
111	-6716.098598676012	-6910.67050146803	-6716.098598676012	-194.57190279201723	-6716.098598676012	1091.116526660352	11318.575327513558	1.0	0.9190612358197164	0.08093876418028453	9.862138858622998E-5	-171.99078444218523	0.002705008007301066	7.965506026948239E-4	0.7762152585479996	-5.281356095342487	327.18855548567797	-6.720335778614487	94.47749863231856	-5.555915557943033	412.96010812154435	-9.684674718698188	273.56785400698	1	-8.879203571587322	747.8709370339387
112	-6715.798598547637	-6916.053451024993	-6715.798598547637	-200.2548524773557	-6715.798598547637	1061.0312569462685	11569.538380380154	1.0	0.9208871567277701	0.07911284327223103	9.203812527203431E-5	-173.54727494904054	0.0034616257394529666	9.077464423861536E-4	0.8309489878011328	-6.164306191562121	298.27589309565	-7.145418064838383	95.19381719516134	-5.420794451315329	419.5638083428061	-13.161771052373826	266.5914357577609	1	-9.201957204562467	783.0570035690006
113	-6715.718750906483	-6916.56246863368	-6715.718750906483	-200.84371772719618	-6715.718750906483	1185.8818717141817	12159.75476394902	1.0	0.9202322298272348	0.07976777017276648	8.967764860071707E-5	-174.7862999604591	0.0019155544927580968	5.785991502706465E-4	0.7668660776239481	-5.251827849449776	329.69136905759024	-10.348239506218105	99.77354679942287	-5.725631337255233	407.1917621720632	-8.979232398218942	276.0212404819183	1	-9.281561403401795	791.8882982795673
114	-6714.3352106169905	-6910.2572449177405	-6714.3352106169905	-195.92203430075045	-6714.3352106169905	1191.2359884328416	12279.862459435468	1.0	0.9152345682740932	0.08476543172590843	9.2145746184868E-5	-174.14527133629934	0.0027137785084929943	5.067579855376537E-4	0.8631422677497673	-5.822269886769178	305.17323704021686	-7.005554003418179	94.96191424547575	-5.240061200214593	439.63063397538525	-9.286866953838953	274.88132183696985	1	-9.206935431707294	783.6074865110762
115	-6713.931753295682	-6922.532397173043	-6713.931753295682	-208.6006438773614	-6713.931753295682	1280.2743962179823	13244.037582193407	1.0	0.9118155509827832	0.08818444901721834	9.357529395726833E-5	-178.1044501438728	0.0029731684503404477	8.552310639504726E-5	0.9203432889397491	-5.367322199521448	400.1173108721516	-14.631767534410468	104.6001941951397	-5.449586570787795	498.5359638052615	-9.895272701399906	272.9358205043339	1	-9.886332867554902	861.0484486832852
116	-6713.683819398894	-6920.872513534416	-6713.683819398894	-207.1886941355211	-6713.683819398894	1170.3682184128463	12400.169727186694	1.0	0.9168609026476598	0.08313909735234168	9.020379456688835E-5	-177.92072420714194	0.0044044706402285114	0.003756509225283244	0.7487468382802643	-5.176702370578954	369.288990570614	-14.548915106706108	104.51585064918953	-5.235285064503202	457.4635350503772	-7.660669453264479	282.7066539391	1	-9.484520491175065	814.686188798148
117	-6713.0289810920785	-6913.098764528608	-6713.0289810920785	-200.06978343652946	-6713.0289810920785	1193.9760635992461	12188.794575150918	1.0	0.9170908342292398	0.08290916577076178	9.27892582005911E-5	-175.13209448786097	0.0031192780994830807	0.001449734959113061	0.9164541291309457	-5.278853048736783	327.38645517349596	-10.294608494397387	99.70562362468975	-5.299049713154021	429.428769075499	-9.681756429489328	273.57690147173935	1	-9.120346685564524	774.0666883692052
118	-6712.866138051307	-6924.497094204851	-6712.866138051307	-211.63095615354464	-6712.866138051307	1376.294648101986	13727.951259931682	1.0	0.9121699452091394	0.08783005479086188	8.531359519154727E-5	-177.05179322152608	0.0024840835849235937	8.675549165783944E-4	0.8493442995036374	-5.155830997117551	343.9242600670454	-22.417029145050584	111.53462596845871	-5.462041859095805	500.2499016091906	-6.0551818289969574	300.21735073849663	1	-10.244384404897385	903.7872671854985
119	-6712.792445228554	-6914.478444046724	-6712.792445228554	-201.68599881816948	-6712.792445228554	1151.1005864526128	11667.872717197073	1.0	0.9127383164849732	0.08726168351502818	9.889363352390303E-5	-173.11840258578866	0.0026792784012089734	3.1484507275239234E-4	0.9636944997418161	-6.166905108064074	298.23202569986626	-11.585600115537048	101.28053531974498	-5.24180660690056	439.11925761140975	-10.060949479040877	272.46596291680885	1	-9.014893711076255	762.543973368735
120	-6712.5705588191895	-6916.97904368184	-6712.5705588191895	-204.4084848626511	-6712.5705588191895	1234.7804099387636	12315.347785971697	1.0	0.9115403731709372	0.08845962682906439	9.795686105020844E-5	-174.19792654309833	0.0023248867762456645	7.18458494011609E-4	0.8047129186511517	-5.169728043680597	340.4430008888089	-17.085960645365716	106.97923664573086	-5.250158915999276	437.02360634424485	-7.875883951194901	281.3528621022897	1	-8.907604060923319	750.9279076392436
121	-6712.3883595920315	-6914.154214373668	-6712.3883595920315	-201.76585478163662	-6712.3883595920315	1101.8213264314431	11408.411674887482	1.0	0.9188691053049794	0.08113089469502205	9.775828244234307E-5	-173.57771206189352	0.0038069377820177525	0.001637225543678568	0.8202251237865024	-5.516348918372741	314.5141654872797	-11.062880362366723	100.65732789681176	-5.325235163876352	426.6878424816237	-11.487327478214906	269.2042191019369	1	-8.939409387380923	754.3602281349014
122	-6712.22028148879	-6921.115509970442	-6712.22028148879	-208.89522848165217	-6712.22028148879	1311.9060693018544	13281.88366414681	1.0	0.9191814662391788	0.08081853376082253	8.370565148012551E-5	-177.19412658547253	0.0027510603093045807	0.0012390989426155755	0.9525087007592824	-5.315466566062084	324.69997680555605	-14.291751947192964	104.25219113972405	-5.761971947008061	537.2861134915369	-10.657724217065569	270.94756850309693	1	-9.815001882061749	852.6964662350313
123	-6712.210888108789	-6916.006604138801	-6712.210888108789	-203.79571603001193	-6712.210888108789	1237.9715726722009	12459.83855541726	1.0	0.9112714589786152	0.08872854102138629	9.727598377573207E-5	-174.74977329987908	0.002586067218257883	8.640927985216043E-4	0.889622356982581	-5.339269310832572	323.15347275295517	-13.825316463338691	103.76651006952842	-5.225707777464918	449.975099811133	-9.95287177384106	272.7698449226388	1	-9.55489887031069	822.6875108695275
124	-6712.031433315275	-6916.132938750882	-6712.031433315275	-204.10150543560792	-6712.031433315275	1382.8375888498797	13705.391629069414	1.0	0.9186287262732499	0.08137127372675153	8.188945722934507E-5	-178.6397887807888	0.003228909132652649	0.002180195105371987	0.8665964649017915	-5.1531652363136065	344.7943855958257	-10.678560884059156	100.18685765345907	-5.438510761999661	496.9904838944233	-8.647594791588702	277.39470562191633	1	-10.373186521690764	919.500736552426
125	-6711.705212836016	-6923.0971321246725	-6711.705212836016	-211.39191928865708	-6711.705212836016	1263.0466911447054	13034.096674482542	1.0	0.9139610859983612	0.08603891400164053	8.770016026285612E-5	-177.0087713179913	0.004128122476430209	0.002290760190564277	0.6888865189012391	-5.350780408345148	322.4512704539884	-17.55726040608648	107.41248252206256	-5.329045821485597	426.3297428798348	-7.520398619166956	283.66447033233976	1	-10.104048832370978	886.8724319174203
126	-6711.27825408214	-6917.46575470777	-6711.27825408214	-206.18750062563024	-6711.27825408214	1204.1411367555409	12152.641516457526	1.0	0.9163250690995632	0.0836749309004386	9.312159957096607E-5	-173.63218705217446	0.002334227009979192	5.879848308008744E-4	0.704314620087076	-5.7016021638239565	308.34593324068146	-14.104996689266766	104.05890712774377	-5.226164526898365	451.0065553793788	-10.159871748755934	272.1961354611922	1	-9.401655271992706	805.328855471673
127	-6711.109390966202	-6913.459579880264	-6711.109390966202	-202.3501889140612	-6711.109390966202	1202.412194272356	12627.04985702413	1.0	0.9146946756538722	0.08530532434612975	9.245292119395504E-5	-176.06943767729825	0.0020889506544412685	0.001084960854771851	0.8945380465533922	-5.142074699470449	354.1676460804816	-11.842175703369954	101.57985085413148	-5.227198694463957	445.6911715640277	-9.159105797051804	275.3404189692478	1	-9.854466959922974	857.3107643865236
128	-6710.768938122034	-6921.101924450762	-6710.768938122034	-210.33298632872828	-6710.768938122034	1280.8824296798045	12448.993626585932	1.0	0.9195533700612595	0.08044662993874274	8.997706892022818E-5	-176.46213844677104	0.003662948819567071	0.0018022940693509064	0.8943247206284008	-5.778952529099543	306.2537245992559	-18.246409699924858	108.03393769548445	-5.2331711954801765	442.0886369040789	-10.059717141225374	272.46937366413607	1	-9.349651300169388	799.4912849812894
129	-6710.420068241642	-6916.139871366186	-6710.420068241642	-205.71980312454318	-6710.420068241642	1194.4261764557084	11997.667066855358	1.0	0.9125837584263881	0.08741624157361416	9.893323734089098E-5	-174.0049420176855	0.0025672974384111087	0.0011385190521836072	0.8181946349975981	-5.403439903589865	319.5453351107064	-15.176120964897724	105.14731051152285	-5.230728110805453	443.2534360462135	-10.850647639663862	270.5078517613317	1	-9.291897686580096	793.0395324900703
130	-6710.034967894598	-6915.805312461646	-6710.034967894598	-205.770344567049	-6710.034967894598	1149.7486565937475	11880.98676443722	1.0	0.9154106907004397	0.08458930929956249	9.696676695254976E-5	-174.1600088397981	0.0016974692711627197	3.6880265090565473E-4	0.9581179136440798	-5.5755952009214615	312.32169342220027	-15.490882033660224	105.45830472362746	-5.282416983379187	431.51185286912624	-9.808127735433912	273.19245440550105	1	-9.354263043961483	800.0078846168159
131	-6709.964616599343	-6921.677318255457	-6709.964616599343	-211.7127016561144	-6709.964616599343	1283.6726563876937	12966.279194999588	1.0	0.919804239305545	0.08019576069445719	8.639646827644012E-5	-176.50599168903955	0.0024998973161669377	0.0014176453353618758	0.8541670171951308	-5.630129711538202	310.50099037270206	-19.284074927845218	108.94451457721	-5.250023367309197	462.8479821361458	-10.020652518065386	272.5781348575992	1	-9.797147245514893	850.6142190421418
132	-6709.946923881781	-6926.411943915322	-6709.946923881781	-216.46502003354067	-6709.946923881781	1254.4331940199518	12849.18043142923	1.0	0.9054514958390518	0.09454850416095009	9.91963550978385E-5	-177.47258540938947	0.003240197733154321	3.7417254812678927E-4	0.8979142380881692	-5.334522870665502	323.4512464922332	-20.545299171358575	110.0140989584227	-5.232473888329128	456.0742523794281	-13.071202383163444	266.70913799077283	1	-9.58550350731035	826.1825534900796
133	-6709.76232936349	-6917.908040976994	-6709.76232936349	-208.14571161350398	-6709.76232936349	1170.9956631663672	12312.221236788819	1.0	0.9162744044216884	0.08372559557831344	9.039918544087374E-5	-173.85074821440654	0.0023178235876071787	4.921502700638996E-4	0.8082889092986278	-5.410391530439326	319.1937603129536	-17.727551788363524	107.56734965745234	-5.225868225430008	450.4202038097951	-10.596426205911929	271.09214220966606	1	-9.546403803711925	821.7190569197809
134	-6709.441626298502	-6920.583676451492	-6709.441626298502	-211.14205015298876	-6709.441626298502	1227.7439551315003	12366.33485791378	1.0	0.9154303645973343	0.08456963540266758	9.070346304037747E-5	-178.24730745013503	0.0045108522049533755	0.0031114885836333464	0.9185730873337185	-5.172474326287092	339.8829835230375	-17.646181873576435	107.49345870196915	-5.263159864443347	466.51046696835226	-10.108319906046475	272.3357825822021	1	-9.27026797618025	790.6316522798704
135	-6708.753817867956	-6926.762866869566	-6708.753817867956	-218.00904900160975	-6708.753817867956	1227.1151598167007	12494.323715974157	1.0	0.9156936568553725	0.08430634314462941	9.149643649363768E-5	-174.53999349564108	0.0017638722145474196	1.862163282033577E-4	0.9133349363923702	-5.642154712645907	310.1213818556553	-28.344921951469747	115.92808477071313	-5.234180793289174	456.94294408398844	-9.644783619136737	273.6922379775949	1	-9.538109880980677	820.7742370233062
136	-6708.532838189375	-6924.755493146907	-6708.532838189375	-216.222654957532	-6708.532838189375	1205.4538818187384	12413.923634266086	1.0	0.9187886545071482	0.08121134549285365	8.968719266812696E-5	-174.01702219254116	0.0024300809552066692	2.7385873806194016E-4	0.8636473308286001	-5.152796299853583	344.92333227558885	-27.540894772520836	115.36418974533565	-5.225776415873763	450.18493432168776	-9.603943300510155	273.8211904188802	1	-9.5280460266276	819.6287236640215
137	-6708.393442210653	-6924.367022134764	-6708.393442210653	-215.9735799241107	-6708.393442210653	1189.6368254476856	12231.668568154364	1.0	0.918693947040627	0.08130605295937457	9.210827756333818E-5	-174.41416600562312	0.002866505941076122	6.117691997884262E-4	0.8843223024189126	-5.143969905603948	356.7604782467191	-22.94903699183974	111.95360742248124	-5.238977284527655	439.9657533335918	-13.76716303677008	265.8594742431184	1	-9.329833578592197	797.2737219547939
138	-6708.347430980373	-6920.900621588163	-6708.347430980373	-212.55319060778928	-6708.347430980373	1263.005395880867	12698.507581010761	1.0	0.9124460606351275	0.08755393936487395	9.39297941883747E-5	-174.88367383821335	0.0027928109280082533	5.843680838122716E-4	0.80297907471142	-5.203937563716595	334.8873663546331	-20.631591801392474	110.08588984536912	-5.267634661354955	467.63243586543877	-10.74520022521288	270.7453682862518	1	-9.866195205803775	858.6851812847466
139	-6708.303436020309	-6921.999249513952	-6708.303436020309	-213.69581349364287	-6708.303436020309	1243.66122826929	12795.071861331528	1.0	0.916878893873439	0.08312110612656246	8.72844257312396E-5	-177.17660127216493	0.003497078342606643	7.271281591226388E-4	0.8315685467186522	-6.9178305524819	288.6598978848908	-19.239198581993914	108.90572792402497	-5.245186045936127	461.2965487051502	-9.907759001084806	272.899597506993	1	-9.651320582980752	833.7310949120518
140	-6708.177578517261	-6920.700490523947	-6708.177578517261	-212.52291200668603	-6708.177578517261	1167.8948358900573	11886.495878209633	1.0	0.9172648939027294	0.08273510609727215	9.47080191648966E-5	-173.46014908937536	0.002370384255093019	7.356613136149663E-4	0.8676393548912559	-6.224091147807268	297.2921506342275	-20.977147227421217	110.37167330077686	-5.225596437752743	449.48358015403784	-12.57862532875906	267.3912432544592	1	-8.876984657802772	747.632411022547
141	-6708.168025521749	-6923.3248990071725	-6708.168025521749	-215.1568734854239	-6708.168025521749	1327.6856064850253	13020.39783814388	1.0	0.9144652586132462	0.08553474138675522	9.028340702082436E-5	-174.90418919332242	0.0021011912785358624	1.8146032788322154E-4	0.8181707563802483	-5.237780794906171	331.0362659992343	-22.763775865027117	111.80833178538946	-5.558647275763842	512.8824111256585	-11.258702377752043	269.64817656597376	1	-9.81950983621654	853.2227187072459
142	-6708.039022950177	-6918.632449772735	-6708.039022950177	-210.5934268225575	-6708.039022950177	1231.8243767894833	12309.492661012691	1.0	0.915761710087456	0.08423828991254553	9.374238079920118E-5	-174.892130456954	0.002803020191878629	0.001509955309470107	0.7885156282412167	-5.673540905609706	309.16396080115214	-18.961240062495264	108.66431894957256	-5.242521265747588	460.3712423126081	-10.25164439484871	271.95261808374	1	-9.357770048555787	800.4008736459447
143	-6707.972908865955	-6926.802927628302	-6707.972908865955	-218.8300187623468	-6707.972908865955	1280.8395468603585	13188.121894752596	1.0	0.9131252085119955	0.08687479148800618	8.998003494130139E-5	-176.36331662148896	0.0029306012255106667	5.346939664263511E-4	0.8110354279013465	-5.142318223769039	351.2839641697192	-25.766622096356855	114.08683444580772	-5.376611337934555	487.88095656768746	-10.63864269362125	270.99231471901675	1	-9.737754691095498	843.7115438681857
144	-6707.905316304509	-6919.564746833476	-6707.905316304509	-211.6594305289671	-6707.905316304509	1196.7072020501562	12307.220171847805	1.0	0.9167855865204253	0.08321441347957644	9.202474432789798E-5	-174.75374392215457	0.0020728640688109545	7.562650213405952E-4	0.8653637274965202	-5.681207202875382	308.9370579887177	-19.219443395531606	108.88863699613815	-5.25153613953286	463.30571109154494	-12.230365982777393	267.92054950315446	1	-9.38350667537945	803.2885930113978
145	-6707.817784236133	-6924.507905086076	-6707.817784236133	-216.69012084994307	-6707.817784236133	1166.7398937372946	12275.320808889412	1.0	0.914398265249034	0.08560173475096773	9.302475263196388E-5	-174.15449612311318	0.002320515195658555	5.984516192795047E-4	0.9153113768250309	-5.162224846941296	342.15580092918503	-26.397008572896365	114.54607946443242	-5.234625698992582	457.1561203104303	-10.967142712596528	270.25305472069834	1	-9.615732683350542	829.6440495401589
146	-6707.208802437509	-6932.556869998815	-6707.208802437509	-225.34806756130615	-6707.208802437509	1198.4897702516323	12314.959168576674	1.0	0.9193490905956295	0.08065090940437228	9.244592181383628E-5	-174.0137470177759	0.0024650880297460405	3.520276571631306E-4	0.8969980364575786	-7.20413251670543	286.0843523077581	-35.508314761550366	120.60784303303464	-5.233379034766772	441.99959808772957	-8.607400849138655	277.57266703169415	1	-9.700326376410683	839.3803102724667
147	-6707.014847738694	-6927.176510025203	-6707.014847738694	-220.1616622865098	-6707.014847738694	1265.8867465830597	12896.672845955789	1.0	0.9137367190435989	0.08626328095640318	8.859932984602689E-5	-175.89734317349098	0.0016516215347590418	2.7596980157354743E-4	0.8247378993328562	-5.795144863192033	305.8427766080971	-28.324048660636386	115.9135574783379	-5.231206984677291	455.3636923045859	-9.62123489059791	273.76639196347344	1	-9.827936835533373	854.20704340792
148	-6706.984961849328	-6929.13940279273	-6706.984961849328	-222.15444094340165	-6706.984961849328	1241.576754393363	12567.920581643317	1.0	0.9111584726948969	0.08884152730510514	9.597699785715719E-5	-174.90946689670415	0.0027490216375060826	3.0056305159622805E-4	0.8663998480947211	-5.980845638625407	301.6643708654152	-28.483977730967645	116.02471463129783	-5.352932056202914	484.10848256288307	-12.730816253502654	267.17259515981937	1	-9.467166239579772	812.7208311976718
149	-6706.619964193036	-6936.1916097664725	-6706.619964193036	-229.571645573436	-6706.619964193036	1297.076754891289	12979.410158786292	1.0	0.9158045496753787	0.0841954503246237	9.187170668171154E-5	-175.6901137632163	0.0032336421539296296	8.865136347212593E-4	0.7149236054287549	-5.189440152604477	336.9384051277359	-32.11202933133364	118.46014358117691	-5.248784750691509	462.46422953333354	-13.774694999977218	265.8509290898644	1	-9.775955995735806	848.1471499388912
150	-6706.4981852561	-6931.428047372664	-6706.4981852561	-224.9298621165639	-6706.4981852561	1221.6145485554025	12692.19127954473	1.0	0.9162368619760363	0.08376313802396607	8.907792164073803E-5	-176.63474975064779	0.003329976206431885	0.001743612853741786	0.9066039659710384	-6.277415833056118	296.45693193855686	-29.94027806739811	117.02154887478328	-5.244750958157718	461.1493654398335	-12.01277141550574	268.2733464914209	1	-9.630813191113457	831.3743725676624
151	-6706.228388566601	-6930.49975590354	-6706.228388566601	-224.27136733693885	-6706.228388566601	1225.9229814305488	12477.06525444873	1.0	0.9184644443366307	0.08153555566337184	8.95944670940876E-5	-175.21318772398703	0.0023693354056270495	0.001118983938396576	0.8717763552338301	-5.4813307744050075	315.93750958015465	-26.1382290066296	114.35829780489047	-5.286784775731456	471.9800400570742	-17.29436908012126	262.9319941001622	1	-9.743197238983313	844.3425632945721
152	-6706.151049793998	-6938.923007699133	-6706.151049793998	-232.77195790513503	-6706.151049793998	1229.055088259682	13045.454341803252	1.0	0.9158133740788269	0.08418662592117586	8.862431390303246E-5	-176.31255106606605	0.002806609265084353	0.001308512696920475	0.8419219421096686	-5.156878904589824	343.60746211028606	-40.775141003216994	123.73028959290015	-5.269059909922986	467.9796360998124	-9.960520346305142	272.7480185831566	1	-9.90261720449036	862.9626202876445
153	-6705.77904656842	-6931.444679087156	-6705.77904656842	-225.6656325187357	-6705.77904656842	1232.3386207217188	12352.94163904214	1.0	0.9161965793985288	0.08380342060147393	9.247854411827374E-5	-173.85474924145083	0.002678431784972865	6.905193303572969E-4	0.7428228229201234	-6.017183166447261	300.94325774350125	-33.27567399712595	119.20924479729696	-5.2272840629437765	452.4402556740062	-11.027001675406542	270.1251274921974	1	-9.184700264714897	781.1506166780323
154	-6705.6662116945345	-6932.563107479666	-6705.6662116945345	-226.8968957851308	-6705.6662116945345	1196.9871757930555	12423.722380423094	1.0	0.9129695227288945	0.08703047727110827	9.491161483156125E-5	-174.20744632569244	0.0027257545263971532	5.556779470361184E-4	0.807350618743767	-5.7627839097527715	306.67290549477457	-36.60334664045097	121.27648858297675	-5.265652273738319	467.14161191892083	-9.786318388591136	273.25774672256443	1	-9.382732282381198	803.2016084497459
155	-6705.632443763709	-6933.6595629939475	-6705.632443763709	-228.02711923023858	-6705.632443763709	1215.6132543910471	12513.634733268053	1.0	0.9146864881027813	0.08531351189722168	9.207633095887993E-5	-176.98535698121233	0.002800016751901547	0.0021450820789346353	0.9406702027507028	-6.219775151592934	297.3614421436703	-30.590939379893726	117.45835216227147	-5.259946596533739	465.67121855426507	-13.7846855111195	265.83961473879685	1	-9.573464061897262	824.8065193210793
156	-6705.578159341529	-6936.583117850941	-6705.578159341529	-231.00495850941218	-6705.578159341529	1229.7950335821863	12512.612178856614	1.0	0.9163360908440515	0.08366390915595148	9.053612177540092E-5	-178.1819955070652	0.003919769698162292	0.0036019572556236037	0.7701909164027292	-5.312789464618706	324.88275568485597	-35.48949199618162	120.59625324493804	-5.26788553985365	467.6938868770694	-10.684501445806792	270.8851650501365	1	-9.392969640488293	804.3520108275973
157	-6705.558222193137	-6931.152884001066	-6705.558222193137	-225.59466180792836	-6705.558222193137	1242.6104110520066	12749.23126095825	1.0	0.9137420265917199	0.08625797340828306	9.249695462351236E-5	-175.30286207322334	0.0018757375641026588	4.7436831902638644E-4	0.92664860226903	-5.5361994856536185	313.7516332393779	-33.76947410209006	119.52284001463666	-5.255676173813388	464.5044068183516	-10.66801819517869	270.92352515103875	1	-9.83221561309693	854.7071141810763
158	-6705.455205909916	-6933.315090396671	-6705.455205909916	-227.8598844867546	-6705.455205909916	1207.5837086984286	12261.390097018419	1.0	0.9178345437981811	0.08216545620182182	9.219959074392045E-5	-174.20656417408466	0.003307787771936009	8.115586740744124E-4	0.7242564329114526	-5.9101213410495	303.1509984368497	-31.31461257634247	117.93826309328334	-5.232829118296165	442.2381056053593	-14.230706731886436	265.3568529893901	1	-9.39969026140589	805.1077916568115
159	-6705.108962950646	-6934.016193197747	-6705.108962950646	-228.90723024710164	-6705.108962950646	1280.8931142640881	13116.758910218348	1.0	0.9150527749103452	0.08494722508965773	8.8609739213741E-5	-176.4225598179958	0.0019503911003159416	7.714946096106426E-4	0.900491985730969	-5.165271939936221	341.42315160664947	-34.661975614485335	120.08341250994391	-5.3288796643812	480.03463322058445	-12.317627449106906	267.7839717410502	1	-10.005033208682812	875.0654272794974
160	-6704.917376366959	-6936.11238946602	-6704.917376366959	-231.1950130990615	-6704.917376366959	1252.5095202528817	12692.02905238658	1.0	0.9112584611167444	0.08874153888325849	9.393965120396531E-5	-175.64294245202035	0.002702172074304273	4.7573872314581967E-4	0.9592598257095624	-5.414430235009235	318.99250313577517	-36.518917742928245	121.22532067630856	-5.226424338170084	451.4111552687203	-12.59208113467764	267.3716129742103	1	-9.573949090434315	824.8619266737967
161	-6704.718547206593	-6933.441149302631	-6704.718547206593	-228.72260209603834	-6704.718547206593	1230.0080654318106	12402.441999808234	1.0	0.9138904288582603	0.08610957114174252	9.342543394703048E-5	-175.1399681289143	0.0028466866102131788	0.001116941941732131	0.9230727370754706	-6.11156809141005	299.18911409913517	-35.67135193000895	120.70809224489044	-5.3039364843109835	428.8743816964935	-11.70252484392431	268.8086653109159	1	-9.490237605749716	815.3343091148654
162	-6704.678962583008	-6939.809865312523	-6704.678962583008	-235.13090272951467	-6704.678962583008	1260.0614733905131	12623.065453232988	1.0	0.9162212754980081	0.08377872450199456	9.107324072051102E-5	-174.69543932770418	0.0021537111269322785	4.686846356813265E-4	0.9223193666335292	-6.211907405371106	297.4884294223886	-42.08210896474113	124.47118871758566	-5.310505657586166	476.70011659902974	-11.90273613930574	268.458704399053	1	-9.739227288013684	843.8822493750039
163	-6704.67763044813	-6941.072259771856	-6704.67763044813	-236.3946293237261	-6704.67763044813	1166.0649130179913	12024.466092679442	1.0	0.9146993534179721	0.08530064658203042	9.656161155134154E-5	-173.41716942232748	0.0027266662398133003	4.848311234393681E-4	0.8323954338582348	-5.512843686647511	314.6519947783189	-43.93784234983195	125.50245372735034	-5.316623791682881	427.53147521405987	-13.52232263288333	266.1445102833315	1	-9.130971364106923	775.2334978103833
